<?xml version="1.0" encoding="UTF-8"?>
<!-- Generated by org.testng.reporters.JUnitReportReporter -->
<testsuite hostname="Admin" name="selenium_api.Topic_01_CheckEnvironment" tests="1" failures="0" timestamp="14 Jul 2018 05:38:40 GMT" time="11.429" errors="0">
  <testcase name="TC_01_CheckUrlAndTitle" time="11.429" classname="selenium_api.Topic_01_CheckEnvironment"/>
</testsuite> <!-- selenium_api.Topic_01_CheckEnvironment -->
