<?xml version="1.0" encoding="UTF-8"?>
<!-- Generated by org.testng.reporters.JUnitReportReporter -->
<testsuite hostname="Admin" name="selenium_api.Topic_01_CheckEnvironment" tests="1" failures="0" timestamp="19 Jul 2018 10:19:43 GMT" time="34.077" errors="0">
  <testcase name="TC_01_CheckUrlAndTitle" time="34.077" classname="selenium_api.Topic_01_CheckEnvironment"/>
</testsuite> <!-- selenium_api.Topic_01_CheckEnvironment -->
